0 info it worked if it ends with ok
1 verbose cli [ 'C:\\Program Files\\nodejs\\\\node.exe',
1 verbose cli   'C:\\Program Files\\nodejs\\node_modules\\npm\\bin\\npm-cli.js',
1 verbose cli   'install' ]
2 info using npm@1.4.28
3 info using node@v0.10.36
4 verbose node symlink C:\Program Files\nodejs\\node.exe
5 warn package.json DVP-HTTPProgrammingAPIDEBUG@1.0.0 No description
6 warn package.json DVP-HTTPProgrammingAPIDEBUG@1.0.0 No README data
7 verbose readDependencies using package.json deps
8 verbose install where, deps [ 'D:\\My Projects\\DVP\\DVP-HTTPProgrammingAPIDEBUG',
8 verbose install   [ 'cli-color',
8 verbose install     'DVP-Common',
8 verbose install     'socket.io-client',
8 verbose install     'request',
8 verbose install     'config',
8 verbose install     'readline',
8 verbose install     'DVP-DBModels',
8 verbose install     'socket.io' ] ]
9 info preinstall DVP-HTTPProgrammingAPIDEBUG@1.0.0
10 warn package.json DVP-DBModels@0.0.0 No description
11 warn package.json readline@0.0.7 readline is also the name of a node core module.
12 verbose readDependencies using package.json deps
13 verbose already installed skipping cli-color@^1.0.0 D:\My Projects\DVP\DVP-HTTPProgrammingAPIDEBUG
14 verbose cache add [ 'DVP-Common@git+https://github.com/DuoSoftware/DVP-Common',
14 verbose cache add   null ]
15 verbose cache add name=undefined spec="DVP-Common@git+https://github.com/DuoSoftware/DVP-Common" args=["DVP-Common@git+https://github.com/DuoSoftware/DVP-Common",null]
16 verbose parsed url { protocol: null,
16 verbose parsed url   slashes: null,
16 verbose parsed url   auth: null,
16 verbose parsed url   host: null,
16 verbose parsed url   port: null,
16 verbose parsed url   hostname: null,
16 verbose parsed url   hash: null,
16 verbose parsed url   search: null,
16 verbose parsed url   query: null,
16 verbose parsed url   pathname: 'DVP-Common@git+https://github.com/DuoSoftware/DVP-Common',
16 verbose parsed url   path: 'DVP-Common@git+https://github.com/DuoSoftware/DVP-Common',
16 verbose parsed url   href: 'DVP-Common@git+https://github.com/DuoSoftware/DVP-Common' }
17 verbose already installed skipping socket.io-client@^1.3.5 D:\My Projects\DVP\DVP-HTTPProgrammingAPIDEBUG
18 verbose already installed skipping request@^2.55.0 D:\My Projects\DVP\DVP-HTTPProgrammingAPIDEBUG
19 verbose already installed skipping config@^1.13.0 D:\My Projects\DVP\DVP-HTTPProgrammingAPIDEBUG
20 verbose already installed skipping readline@^0.0.7 D:\My Projects\DVP\DVP-HTTPProgrammingAPIDEBUG
21 verbose cache add [ 'DVP-DBModels@git+https://github.com/DuoSoftware/DVP-DBModels',
21 verbose cache add   null ]
22 verbose cache add name=undefined spec="DVP-DBModels@git+https://github.com/DuoSoftware/DVP-DBModels" args=["DVP-DBModels@git+https://github.com/DuoSoftware/DVP-DBModels",null]
23 verbose parsed url { protocol: null,
23 verbose parsed url   slashes: null,
23 verbose parsed url   auth: null,
23 verbose parsed url   host: null,
23 verbose parsed url   port: null,
23 verbose parsed url   hostname: null,
23 verbose parsed url   hash: null,
23 verbose parsed url   search: null,
23 verbose parsed url   query: null,
23 verbose parsed url   pathname: 'DVP-DBModels@git+https://github.com/DuoSoftware/DVP-DBModels',
23 verbose parsed url   path: 'DVP-DBModels@git+https://github.com/DuoSoftware/DVP-DBModels',
23 verbose parsed url   href: 'DVP-DBModels@git+https://github.com/DuoSoftware/DVP-DBModels' }
24 verbose already installed skipping socket.io@^1.3.5 D:\My Projects\DVP\DVP-HTTPProgrammingAPIDEBUG
25 verbose cache add name="DVP-Common" spec="git+https://github.com/DuoSoftware/DVP-Common" args=["DVP-Common","git+https://github.com/DuoSoftware/DVP-Common"]
26 verbose parsed url { protocol: 'git+https:',
26 verbose parsed url   slashes: true,
26 verbose parsed url   auth: null,
26 verbose parsed url   host: 'github.com',
26 verbose parsed url   port: null,
26 verbose parsed url   hostname: 'github.com',
26 verbose parsed url   hash: null,
26 verbose parsed url   search: null,
26 verbose parsed url   query: null,
26 verbose parsed url   pathname: '/DuoSoftware/DVP-Common',
26 verbose parsed url   path: '/DuoSoftware/DVP-Common',
26 verbose parsed url   href: 'git+https://github.com/DuoSoftware/DVP-Common' }
27 verbose cache add name="DVP-DBModels" spec="git+https://github.com/DuoSoftware/DVP-DBModels" args=["DVP-DBModels","git+https://github.com/DuoSoftware/DVP-DBModels"]
28 verbose parsed url { protocol: 'git+https:',
28 verbose parsed url   slashes: true,
28 verbose parsed url   auth: null,
28 verbose parsed url   host: 'github.com',
28 verbose parsed url   port: null,
28 verbose parsed url   hostname: 'github.com',
28 verbose parsed url   hash: null,
28 verbose parsed url   search: null,
28 verbose parsed url   query: null,
28 verbose parsed url   pathname: '/DuoSoftware/DVP-DBModels',
28 verbose parsed url   path: '/DuoSoftware/DVP-DBModels',
28 verbose parsed url   href: 'git+https://github.com/DuoSoftware/DVP-DBModels' }
29 silly lockFile 8cbbfae0-ithub-com-DuoSoftware-DVP-Common https://github.com/DuoSoftware/DVP-Common
30 verbose lock https://github.com/DuoSoftware/DVP-Common C:\Users\Pawan\AppData\Roaming\npm-cache\8cbbfae0-ithub-com-DuoSoftware-DVP-Common.lock
31 silly lockFile 893be6d7-hub-com-DuoSoftware-DVP-DBModels https://github.com/DuoSoftware/DVP-DBModels
32 verbose lock https://github.com/DuoSoftware/DVP-DBModels C:\Users\Pawan\AppData\Roaming\npm-cache\893be6d7-hub-com-DuoSoftware-DVP-DBModels.lock
33 verbose addRemoteGit [ 'https://github.com/DuoSoftware/DVP-Common', 'master' ]
34 verbose addRemoteGit [ 'https://github.com/DuoSoftware/DVP-DBModels', 'master' ]
35 warn `git config --get remote.origin.url` returned wrong result (https://github.com/DuoSoftware/DVP-Common)
36 warn `git config --get remote.origin.url` returned wrong result (https://github.com/DuoSoftware/DVP-DBModels)
37 error git clone https://github.com/DuoSoftware/DVP-DBModels Cloning into bare repository 'C:\Users\Pawan\AppData\Roaming\npm-cache\_git-remotes\https-github-com-DuoSoftware-DVP-DBModels-893be6d7'...
37 error git clone https://github.com/DuoSoftware/DVP-DBModels fatal: unable to access 'https://github.com/DuoSoftware/DVP-DBModels/': Could not resolve host: github.com
38 error git clone https://github.com/DuoSoftware/DVP-Common Cloning into bare repository 'C:\Users\Pawan\AppData\Roaming\npm-cache\_git-remotes\https-github-com-DuoSoftware-DVP-Common-8cbbfae0'...
38 error git clone https://github.com/DuoSoftware/DVP-Common fatal: unable to access 'https://github.com/DuoSoftware/DVP-Common/': Could not resolve host: github.com
39 silly lockFile 893be6d7-hub-com-DuoSoftware-DVP-DBModels https://github.com/DuoSoftware/DVP-DBModels
40 silly lockFile 893be6d7-hub-com-DuoSoftware-DVP-DBModels https://github.com/DuoSoftware/DVP-DBModels
41 silly lockFile 8cbbfae0-ithub-com-DuoSoftware-DVP-Common https://github.com/DuoSoftware/DVP-Common
42 silly lockFile 8cbbfae0-ithub-com-DuoSoftware-DVP-Common https://github.com/DuoSoftware/DVP-Common
43 error Error: Command failed: Cloning into bare repository 'C:\Users\Pawan\AppData\Roaming\npm-cache\_git-remotes\https-github-com-DuoSoftware-DVP-DBModels-893be6d7'...
43 error fatal: unable to access 'https://github.com/DuoSoftware/DVP-DBModels/': Could not resolve host: github.com
43 error
43 error     at ChildProcess.exithandler (child_process.js:658:15)
43 error     at ChildProcess.emit (events.js:98:17)
43 error     at maybeClose (child_process.js:766:16)
43 error     at Process.ChildProcess._handle.onexit (child_process.js:833:5)
44 error If you need help, you may report this *entire* log,
44 error including the npm and node versions, at:
44 error     <http://github.com/npm/npm/issues>
45 error System Windows_NT 6.2.9200
46 error command "C:\\Program Files\\nodejs\\\\node.exe" "C:\\Program Files\\nodejs\\node_modules\\npm\\bin\\npm-cli.js" "install"
47 error cwd D:\My Projects\DVP\DVP-HTTPProgrammingAPIDEBUG
48 error node -v v0.10.36
49 error npm -v 1.4.28
50 error code 128
51 verbose exit [ 1, true ]
